<?xml version="1.0" encoding="UTF-8"?>
<!-- Generated by org.testng.reporters.JUnitXMLReporter -->
<testsuite ignored="0" hostname="LAPTOP-EHEF5703" failures="0" tests="2" name="Command line test" time="60.093" errors="0" timestamp="26 Jan 2019 14:41:39 GMT">
  <testcase classname="testCase.TC_1_LoginPage_ValidCaseTest" name="tc_01_login_Test" time="18.064"/>
  <testcase classname="testCase.TC_1_LoginPage_ValidCaseTest" name="tc_01_login_Test" time="15.018"/>
</testsuite> <!-- Command line test -->
