<?xml version="1.0" encoding="UTF-8"?>
<!-- Generated by org.testng.reporters.JUnitXMLReporter -->
<testsuite hostname="LAPTOP-EHEF5703" ignored="2" name="Test" tests="2" failures="0" timestamp="03 Jan 2019 18:13:11 GMT" time="0.035" errors="0">
  <testcase name="test2" time="0.01" classname="TestNGGroups.TestNGGroupsSample"/>
  <testcase name="test3" time="0.001" classname="TestNGGroups.TestNGGroupsSample"/>
  <testcase name="test4" time="0.0" classname="TestNGGroups.TestNGGroupsSample">
    <ignored/>
  </testcase> <!-- test4 -->
  <testcase name="test1" time="0.0" classname="TestNGGroups.TestNGGroupsSample">
    <ignored/>
  </testcase> <!-- test1 -->
</testsuite> <!-- Test -->
