<?xml version="1.0" encoding="UTF-8"?>
<testng-results ignored="0" total="2" passed="2" failed="0" skipped="0">
  <reporter-output>
  </reporter-output>
  <suite started-at="2019-01-26T14:40:38Z" name="testCase.TC_1_LoginPage_ValidCaseTest" finished-at="2019-01-26T14:41:39Z" duration-ms="60093">
    <groups>
    </groups>
    <test started-at="2019-01-26T14:40:38Z" name="Command line test" finished-at="2019-01-26T14:41:39Z" duration-ms="60093">
      <class name="testCase.TC_1_LoginPage_ValidCaseTest">
        <test-method is-config="true" signature="initiateDriverinstance()[pri:0, instance:testCase.TC_1_LoginPage_ValidCaseTest@7ee955a8]" started-at="2019-01-26T20:10:40Z" name="initiateDriverinstance" finished-at="2019-01-26T20:11:00Z" duration-ms="19891" status="PASS">
          <reporter-output>
          </reporter-output>
        </test-method> <!-- initiateDriverinstance -->
        <test-method signature="tc_01_login_Test(java.lang.String, java.lang.String)[pri:0, instance:testCase.TC_1_LoginPage_ValidCaseTest@7ee955a8]" started-at="2019-01-26T20:11:00Z" name="tc_01_login_Test" data-provider="Authentication" finished-at="2019-01-26T20:11:18Z" duration-ms="18064" status="PASS">
          <params>
            <param index="0">
              <value>
                <![CDATA[arjun]]>
              </value>
            </param>
            <param index="1">
              <value>
                <![CDATA[arjun]]>
              </value>
            </param>
          </params>
          <reporter-output>
          </reporter-output>
        </test-method> <!-- tc_01_login_Test -->
        <test-method is-config="true" signature="closeDriverInstance(org.testng.ITestResult)[pri:0, instance:testCase.TC_1_LoginPage_ValidCaseTest@7ee955a8]" started-at="2019-01-26T20:11:18Z" name="closeDriverInstance" finished-at="2019-01-26T20:11:19Z" duration-ms="929" status="PASS">
          <params>
            <param index="0">
              <value>
                <![CDATA[[TestResult name=tc_01_login_Test status=SUCCESS method=TC_1_LoginPage_ValidCaseTest.tc_01_login_Test(java.lang.String, java.lang.String)[pri:0, instance:testCase.TC_1_LoginPage_ValidCaseTest@7ee955a8] output={null}]]]>
              </value>
            </param>
          </params>
          <reporter-output>
          </reporter-output>
        </test-method> <!-- closeDriverInstance -->
        <test-method is-config="true" signature="initiateDriverinstance()[pri:0, instance:testCase.TC_1_LoginPage_ValidCaseTest@7ee955a8]" started-at="2019-01-26T20:11:19Z" name="initiateDriverinstance" finished-at="2019-01-26T20:11:23Z" duration-ms="4662" status="PASS">
          <reporter-output>
          </reporter-output>
        </test-method> <!-- initiateDriverinstance -->
        <test-method signature="tc_01_login_Test(java.lang.String, java.lang.String)[pri:0, instance:testCase.TC_1_LoginPage_ValidCaseTest@7ee955a8]" started-at="2019-01-26T20:11:23Z" name="tc_01_login_Test" data-provider="Authentication" finished-at="2019-01-26T20:11:38Z" duration-ms="15018" status="PASS">
          <params>
            <param index="0">
              <value>
                <![CDATA[arjun]]>
              </value>
            </param>
            <param index="1">
              <value>
                <![CDATA[arjun]]>
              </value>
            </param>
          </params>
          <reporter-output>
          </reporter-output>
        </test-method> <!-- tc_01_login_Test -->
        <test-method is-config="true" signature="closeDriverInstance(org.testng.ITestResult)[pri:0, instance:testCase.TC_1_LoginPage_ValidCaseTest@7ee955a8]" started-at="2019-01-26T20:11:38Z" name="closeDriverInstance" finished-at="2019-01-26T20:11:39Z" duration-ms="279" status="PASS">
          <params>
            <param index="0">
              <value>
                <![CDATA[[TestResult name=tc_01_login_Test status=SUCCESS method=TC_1_LoginPage_ValidCaseTest.tc_01_login_Test(java.lang.String, java.lang.String)[pri:0, instance:testCase.TC_1_LoginPage_ValidCaseTest@7ee955a8] output={null}]]]>
              </value>
            </param>
          </params>
          <reporter-output>
          </reporter-output>
        </test-method> <!-- closeDriverInstance -->
      </class> <!-- testCase.TC_1_LoginPage_ValidCaseTest -->
    </test> <!-- Command line test -->
  </suite> <!-- testCase.TC_1_LoginPage_ValidCaseTest -->
</testng-results>
